GetLOcationFromMapExample/app/build/intermediates/manifest_merge_blame_file/debug/manifest-merger-blame-debug-report.txt
1<?xml version="1.0" encoding="utf-8"?>
2<manifest xmlns:android="http://schemas.android.com/apk/res/android"
3    package="com.example.getlocationfrommapexample"
4    android:versionCode="1"
5    android:versionName="1.0" >
6
7    <uses-sdk
8        android:minSdkVersion="21"
8-->src\main\AndroidManifest.xml
9        android:targetSdkVersion="30" />
9-->src\main\AndroidManifest.xml
10
11    <uses-permission android:name="android.permission.ACCESS_FINE_LOCATION" />
11-->src\main\AndroidManifest.xml:5:5-79
11-->src\main\AndroidManifest.xml:5:22-76
12    <uses-permission android:name="android.permission.ACCESS_COARSE_LOCATION" />
12-->src\main\AndroidManifest.xml:6:5-81
12-->src\main\AndroidManifest.xml:6:22-78
13    <uses-permission android:name="android.permission.INTERNET" />
13-->src\main\AndroidManifest.xml:7:5-67
13-->src\main\AndroidManifest.xml:7:22-64
14    <uses-permission android:name="android.permission.ACCESS_WIFI_STATE" /> <!-- Include required permissions for Google Maps API to run. -->
14-->[com.google.android.libraries.places:places:2.3.0] AndroidManifest.xml:10:5-76
14-->[com.google.android.libraries.places:places:2.3.0] AndroidManifest.xml:10:22-73
15    <uses-permission android:name="android.permission.ACCESS_NETWORK_STATE" />
15-->[com.google.android.gms:play-services-maps:17.0.0] AndroidManifest.xml:23:5-79
15-->[com.google.android.gms:play-services-maps:17.0.0] AndroidManifest.xml:23:22-76
16
17    <uses-feature
17-->[com.google.android.gms:play-services-maps:17.0.0] AndroidManifest.xml:26:5-28:35
18        android:glEsVersion="0x00020000"
18-->[com.google.android.gms:play-services-maps:17.0.0] AndroidManifest.xml:27:9-41
19        android:required="true" />
19-->[com.google.android.gms:play-services-maps:17.0.0] AndroidManifest.xml:28:9-32
20
21    <application
21-->src\main\AndroidManifest.xml:9:5-26:19
22        android:allowBackup="true"
22-->src\main\AndroidManifest.xml:10:9-35
23        android:appComponentFactory="androidx.core.app.CoreComponentFactory"
23-->[androidx.core:core:1.3.0] AndroidManifest.xml:24:18-86
24        android:debuggable="true"
25        android:icon="@mipmap/ic_launcher"
25-->src\main\AndroidManifest.xml:11:9-43
26        android:label="@string/app_name"
26-->src\main\AndroidManifest.xml:12:9-41
27        android:roundIcon="@mipmap/ic_launcher_round"
27-->src\main\AndroidManifest.xml:13:9-54
28        android:supportsRtl="true"
28-->src\main\AndroidManifest.xml:14:9-35
29        android:testOnly="true"
30        android:theme="@style/AppTheme" >
30-->src\main\AndroidManifest.xml:15:9-40
31        <meta-data
31-->src\main\AndroidManifest.xml:16:9-18:47
32            android:name="com.google.android.geo.API_KEY"
32-->src\main\AndroidManifest.xml:17:13-58
33            android:value="@string/map_key" />
33-->src\main\AndroidManifest.xml:18:13-44
34
35        <activity android:name="com.example.getlocationfrommapexample.MainActivity" >
35-->src\main\AndroidManifest.xml:19:9-25:20
35-->src\main\AndroidManifest.xml:19:19-47
36            <intent-filter>
36-->src\main\AndroidManifest.xml:20:13-24:29
37                <action android:name="android.intent.action.MAIN" />
37-->src\main\AndroidManifest.xml:21:17-69
37-->src\main\AndroidManifest.xml:21:25-66
38
39                <category android:name="android.intent.category.LAUNCHER" />
39-->src\main\AndroidManifest.xml:23:17-77
39-->src\main\AndroidManifest.xml:23:27-74
40            </intent-filter>
41        </activity>
42        <activity
42-->[com.google.android.libraries.places:places:2.3.0] AndroidManifest.xml:14:9-20:20
43            android:name="com.google.android.libraries.places.widget.AutocompleteActivity"
43-->[com.google.android.libraries.places:places:2.3.0] AndroidManifest.xml:15:13-91
44            android:exported="false"
44-->[com.google.android.libraries.places:places:2.3.0] AndroidManifest.xml:16:13-37
45            android:label="@string/places_autocomplete_label"
45-->[com.google.android.libraries.places:places:2.3.0] AndroidManifest.xml:17:13-62
46            android:theme="@style/PlacesAutocompleteOverlay"
46-->[com.google.android.libraries.places:places:2.3.0] AndroidManifest.xml:18:13-61
47            android:windowSoftInputMode="adjustResize" >
47-->[com.google.android.libraries.places:places:2.3.0] AndroidManifest.xml:19:13-55
48        </activity> <!-- Needs to be explicitly declared on P+ -->
49        <uses-library
49-->[com.google.android.gms:play-services-maps:17.0.0] AndroidManifest.xml:33:9-35:40
50            android:name="org.apache.http.legacy"
50-->[com.google.android.gms:play-services-maps:17.0.0] AndroidManifest.xml:34:13-50
51            android:required="false" />
51-->[com.google.android.gms:play-services-maps:17.0.0] AndroidManifest.xml:35:13-37
52
53        <activity
53-->[com.google.android.gms:play-services-base:17.0.0] AndroidManifest.xml:23:9-26:75
54            android:name="com.google.android.gms.common.api.GoogleApiActivity"
54-->[com.google.android.gms:play-services-base:17.0.0] AndroidManifest.xml:24:13-79
55            android:exported="false"
55-->[com.google.android.gms:play-services-base:17.0.0] AndroidManifest.xml:25:13-37
56            android:theme="@android:style/Theme.Translucent.NoTitleBar" />
56-->[com.google.android.gms:play-services-base:17.0.0] AndroidManifest.xml:26:13-72
57
58        <meta-data
58-->[com.google.android.gms:play-services-basement:17.0.0] AndroidManifest.xml:23:9-25:69
59            android:name="com.google.android.gms.version"
59-->[com.google.android.gms:play-services-basement:17.0.0] AndroidManifest.xml:24:13-58
60            android:value="@integer/google_play_services_version" />
60-->[com.google.android.gms:play-services-basement:17.0.0] AndroidManifest.xml:25:13-66
61
62        <service
62-->[com.google.android.datatransport:transport-backend-cct:2.1.0] AndroidManifest.xml:29:9-35:19
63            android:name="com.google.android.datatransport.runtime.backends.TransportBackendDiscovery"
63-->[com.google.android.datatransport:transport-backend-cct:2.1.0] AndroidManifest.xml:30:13-103
64            android:exported="false" >
64-->[com.google.android.datatransport:transport-backend-cct:2.1.0] AndroidManifest.xml:31:13-37
65            <meta-data
65-->[com.google.android.datatransport:transport-backend-cct:2.1.0] AndroidManifest.xml:32:13-34:39
66                android:name="backend:com.google.android.datatransport.cct.CctBackendFactory"
66-->[com.google.android.datatransport:transport-backend-cct:2.1.0] AndroidManifest.xml:33:17-94
67                android:value="cct" />
67-->[com.google.android.datatransport:transport-backend-cct:2.1.0] AndroidManifest.xml:34:17-36
68        </service>
69        <service
69-->[com.google.android.datatransport:transport-runtime:2.1.0] AndroidManifest.xml:26:9-30:19
70            android:name="com.google.android.datatransport.runtime.scheduling.jobscheduling.JobInfoSchedulerService"
70-->[com.google.android.datatransport:transport-runtime:2.1.0] AndroidManifest.xml:27:13-117
71            android:exported="false"
71-->[com.google.android.datatransport:transport-runtime:2.1.0] AndroidManifest.xml:28:13-37
72            android:permission="android.permission.BIND_JOB_SERVICE" >
72-->[com.google.android.datatransport:transport-runtime:2.1.0] AndroidManifest.xml:29:13-69
73        </service>
74
75        <receiver
75-->[com.google.android.datatransport:transport-runtime:2.1.0] AndroidManifest.xml:32:9-34:40
76            android:name="com.google.android.datatransport.runtime.scheduling.jobscheduling.AlarmManagerSchedulerBroadcastReceiver"
76-->[com.google.android.datatransport:transport-runtime:2.1.0] AndroidManifest.xml:33:13-132
77            android:exported="false" />
77-->[com.google.android.datatransport:transport-runtime:2.1.0] AndroidManifest.xml:34:13-37
78
79        <provider
79-->[androidx.lifecycle:lifecycle-process:2.1.0] AndroidManifest.xml:23:9-27:43
80            android:name="androidx.lifecycle.ProcessLifecycleOwnerInitializer"
80-->[androidx.lifecycle:lifecycle-process:2.1.0] AndroidManifest.xml:24:13-79
81            android:authorities="com.example.getlocationfrommapexample.lifecycle-process"
81-->[androidx.lifecycle:lifecycle-process:2.1.0] AndroidManifest.xml:25:13-69
82            android:exported="false"
82-->[androidx.lifecycle:lifecycle-process:2.1.0] AndroidManifest.xml:26:13-37
83            android:multiprocess="true" />
83-->[androidx.lifecycle:lifecycle-process:2.1.0] AndroidManifest.xml:27:13-40
84    </application>
85
86</manifest>